{
  "RSpec": {
    "coverage": {
      "/Users/justinsitarz/Desktop/ironyard/week_8/weekend_8/progress_pics/spec/controllers/application_controller_spec.rb": [
        1,
        1,
        1,
        null,
        1,
        1,
        1,
        1,
        null,
        null,
        null,
        null
      ],
      "/Users/justinsitarz/Desktop/ironyard/week_8/weekend_8/progress_pics/spec/rails_helper.rb": [
        null,
        1,
        1,
        1,
        1,
        1,
        null,
        null,
        null,
        null,
        null,
        null,
        null,
        null,
        null,
        null,
        null,
        null,
        null,
        null,
        null,
        null,
        null,
        null,
        1,
        null,
        1,
        null,
        1,
        null,
        null,
        null,
        null,
        1,
        null,
        null,
        null,
        null,
        null,
        null,
        null,
        null,
        null,
        null,
        null,
        null,
        null,
        null,
        1,
        null
      ],
      "/Users/justinsitarz/Desktop/ironyard/week_8/weekend_8/progress_pics/config/environment.rb": [
        null,
        1,
        null,
        null,
        1
      ],
      "/Users/justinsitarz/Desktop/ironyard/week_8/weekend_8/progress_pics/config/application.rb": [
        1,
        null,
        1,
        null,
        null,
        null,
        1,
        null,
        1,
        1,
        null,
        null,
        null,
        null,
        null,
        null,
        null,
        null,
        null,
        null,
        null,
        null,
        null,
        1,
        null,
        null
      ],
      "/Users/justinsitarz/Desktop/ironyard/week_8/weekend_8/progress_pics/config/boot.rb": [
        1,
        null,
        1
      ],
      "/Users/justinsitarz/Desktop/ironyard/week_8/weekend_8/progress_pics/config/environments/test.rb": [
        1,
        null,
        null,
        null,
        null,
        null,
        null,
        1,
        null,
        null,
        null,
        null,
        1,
        null,
        null,
        1,
        1,
        null,
        null,
        1,
        1,
        null,
        null,
        1,
        null,
        null,
        1,
        null,
        null,
        null,
        null,
        1,
        null,
        null,
        1,
        null,
        null,
        1,
        null,
        null,
        null,
        null
      ],
      "/Users/justinsitarz/Desktop/ironyard/week_8/weekend_8/progress_pics/config/initializers/assets.rb": [
        null,
        null,
        null,
        1,
        null,
        null,
        null,
        null,
        null,
        null,
        null
      ],
      "/Users/justinsitarz/Desktop/ironyard/week_8/weekend_8/progress_pics/config/initializers/backtrace_silencers.rb": [
        null,
        null,
        null,
        null,
        null,
        null,
        null
      ],
      "/Users/justinsitarz/Desktop/ironyard/week_8/weekend_8/progress_pics/config/initializers/cookies_serializer.rb": [
        null,
        null,
        1
      ],
      "/Users/justinsitarz/Desktop/ironyard/week_8/weekend_8/progress_pics/config/initializers/devise.rb": [
        null,
        null,
        1,
        null,
        null,
        null,
        null,
        null,
        null,
        null,
        null,
        null,
        1,
        null,
        null,
        null,
        null,
        null,
        null,
        null,
        null,
        1,
        null,
        null,
        null,
        null,
        null,
        null,
        null,
        null,
        null,
        null,
        null,
        null,
        null,
        null,
        null,
        null,
        null,
        null,
        null,
        null,
        null,
        1,
        null,
        null,
        null,
        null,
        1,
        null,
        null,
        null,
        null,
        null,
        null,
        null,
        null,
        null,
        null,
        null,
        null,
        null,
        null,
        null,
        null,
        null,
        null,
        null,
        null,
        null,
        null,
        null,
        null,
        null,
        null,
        null,
        null,
        null,
        null,
        1,
        null,
        null,
        null,
        null,
        null,
        null,
        null,
        null,
        null,
        null,
        null,
        null,
        null,
        null,
        null,
        null,
        1,
        null,
        null,
        null,
        null,
        null,
        null,
        null,
        null,
        null,
        null,
        null,
        null,
        null,
        null,
        null,
        null,
        null,
        null,
        null,
        null,
        null,
        null,
        null,
        null,
        1,
        null,
        null,
        null,
        null,
        null,
        null,
        null,
        null,
        null,
        1,
        null,
        null,
        null,
        null,
        null,
        null,
        null,
        null,
        null,
        null,
        1,
        null,
        null,
        null,
        null,
        null,
        null,
        null,
        null,
        null,
        null,
        null,
        null,
        null,
        null,
        null,
        null,
        null,
        null,
        null,
        null,
        null,
        null,
        null,
        null,
        null,
        null,
        null,
        null,
        null,
        null,
        null,
        null,
        null,
        null,
        null,
        null,
        null,
        null,
        null,
        null,
        null,
        null,
        null,
        null,
        null,
        null,
        null,
        null,
        1,
        null,
        null,
        null,
        null,
        null,
        null,
        null,
        null,
        null,
        null,
        null,
        null,
        null,
        null,
        null,
        null,
        null,
        null,
        null,
        null,
        null,
        null,
        null,
        null,
        null,
        null,
        null,
        null,
        null,
        null,
        null,
        null,
        null,
        null,
        null,
        null,
        null,
        1,
        null,
        null,
        null,
        null,
        null,
        null,
        null,
        null,
        null,
        null,
        null,
        null,
        null,
        null,
        null,
        null,
        null,
        null,
        null,
        null,
        null,
        null,
        null,
        null,
        null,
        null,
        null,
        null,
        null
      ],
      "/Users/justinsitarz/Desktop/ironyard/week_8/weekend_8/progress_pics/config/initializers/filter_parameter_logging.rb": [
        null,
        null,
        null,
        1
      ],
      "/Users/justinsitarz/Desktop/ironyard/week_8/weekend_8/progress_pics/config/initializers/inflections.rb": [
        null,
        null,
        null,
        null,
        null,
        null,
        null,
        null,
        null,
        null,
        null,
        null,
        null,
        null,
        null,
        null
      ],
      "/Users/justinsitarz/Desktop/ironyard/week_8/weekend_8/progress_pics/config/initializers/mime_types.rb": [
        null,
        null,
        null,
        null
      ],
      "/Users/justinsitarz/Desktop/ironyard/week_8/weekend_8/progress_pics/config/initializers/session_store.rb": [
        null,
        null,
        1
      ],
      "/Users/justinsitarz/Desktop/ironyard/week_8/weekend_8/progress_pics/config/initializers/wrap_parameters.rb": [
        null,
        null,
        null,
        null,
        null,
        null,
        1,
        1,
        null,
        null,
        null,
        null,
        null,
        null
      ],
      "/Users/justinsitarz/Desktop/ironyard/week_8/weekend_8/progress_pics/config/routes.rb": [
        1,
        1,
        null,
        1,
        1,
        null,
        null,
        1,
        null,
        1,
        null,
        1,
        null,
        null,
        null,
        null,
        null,
        null,
        null,
        null,
        null,
        null,
        null,
        null,
        null,
        null,
        null,
        null,
        null,
        null,
        null,
        null,
        null,
        null,
        null,
        null,
        null,
        null,
        null,
        null,
        null,
        null,
        null,
        null,
        null,
        null,
        null,
        null,
        null,
        null,
        null,
        null,
        null,
        null,
        null,
        null,
        null,
        null,
        null,
        null,
        null,
        null,
        null,
        null,
        null,
        null,
        null
      ],
      "/Users/justinsitarz/Desktop/ironyard/week_8/weekend_8/progress_pics/app/models/user.rb": [
        1,
        1,
        1,
        null,
        null
      ],
      "/Users/justinsitarz/Desktop/ironyard/week_8/weekend_8/progress_pics/app/helpers/application_helper.rb": [
        1,
        null
      ],
      "/Users/justinsitarz/Desktop/ironyard/week_8/weekend_8/progress_pics/app/helpers/pictures_helper.rb": [
        1,
        null
      ],
      "/Users/justinsitarz/Desktop/ironyard/week_8/weekend_8/progress_pics/app/helpers/static_helper.rb": [
        1,
        null
      ],
      "/Users/justinsitarz/Desktop/ironyard/week_8/weekend_8/progress_pics/app/helpers/users_helper.rb": [
        1,
        null
      ],
      "/Users/justinsitarz/Desktop/ironyard/week_8/weekend_8/progress_pics/app/controllers/application_controller.rb": [
        1,
        null,
        null,
        1,
        1,
        null
      ],
      "/Users/justinsitarz/Desktop/ironyard/week_8/weekend_8/progress_pics/app/controllers/static_controller.rb": [
        1,
        1,
        null,
        null
      ],
      "/Users/justinsitarz/Desktop/ironyard/week_8/weekend_8/progress_pics/spec/controllers/pictures_controller_spec.rb": [
        1,
        null,
        1,
        null,
        1,
        1,
        1,
        null,
        null,
        null,
        1,
        2,
        null,
        1,
        1,
        null,
        null,
        null,
        null,
        null,
        null,
        null,
        null
      ],
      "/Users/justinsitarz/Desktop/ironyard/week_8/weekend_8/progress_pics/app/controllers/pictures_controller.rb": [
        1,
        null,
        1,
        null,
        1,
        0,
        0,
        null,
        null,
        1,
        0,
        null,
        null,
        1,
        0,
        null,
        null,
        1,
        null,
        null,
        null,
        1,
        0,
        null,
        null,
        null,
        1,
        null,
        null,
        null,
        null,
        1,
        0,
        0,
        0,
        0,
        0,
        null,
        0,
        null,
        null,
        null,
        null,
        null,
        null,
        1,
        0,
        0,
        0,
        0,
        null,
        0,
        0,
        null,
        null,
        null,
        null,
        null,
        null,
        1,
        0,
        0,
        0,
        0,
        null,
        null,
        null,
        1,
        null,
        1,
        0,
        null,
        null
      ],
      "/Users/justinsitarz/Desktop/ironyard/week_8/weekend_8/progress_pics/spec/controllers/static_controller_spec.rb": [
        1,
        null,
        1,
        null,
        1,
        1,
        1,
        1,
        null,
        null,
        null,
        null
      ],
      "/Users/justinsitarz/Desktop/ironyard/week_8/weekend_8/progress_pics/spec/controllers/users_controller_spec.rb": [
        1,
        null,
        1,
        null,
        null
      ],
      "/Users/justinsitarz/Desktop/ironyard/week_8/weekend_8/progress_pics/app/controllers/users_controller.rb": [
        1,
        1,
        1,
        null,
        null,
        null,
        1,
        0,
        0,
        null,
        null,
        null,
        null,
        1,
        null,
        null,
        null,
        1,
        0,
        null,
        null,
        null,
        1,
        null,
        null,
        null,
        null,
        1,
        0,
        null,
        0,
        0,
        0,
        0,
        null,
        0,
        0,
        null,
        null,
        null,
        null,
        null,
        null,
        1,
        0,
        0,
        0,
        0,
        null,
        0,
        0,
        null,
        null,
        null,
        null,
        null,
        null,
        1,
        0,
        0,
        0,
        0,
        null,
        null,
        null,
        1,
        null,
        1,
        0,
        null,
        0,
        null,
        null,
        null,
        1,
        0,
        null,
        null
      ],
      "/Users/justinsitarz/Desktop/ironyard/week_8/weekend_8/progress_pics/spec/helpers/pictures_helper_spec.rb": [
        1,
        null,
        null,
        null,
        null,
        null,
        null,
        null,
        null,
        null,
        null,
        null,
        1,
        1,
        null
      ],
      "/Users/justinsitarz/Desktop/ironyard/week_8/weekend_8/progress_pics/spec/helpers/static_helper_spec.rb": [
        1,
        null,
        null,
        null,
        null,
        null,
        null,
        null,
        null,
        null,
        null,
        null,
        1,
        1,
        null
      ],
      "/Users/justinsitarz/Desktop/ironyard/week_8/weekend_8/progress_pics/spec/helpers/users_helper_spec.rb": [
        1,
        null,
        null,
        null,
        null,
        null,
        null,
        null,
        null,
        null,
        null,
        null,
        1,
        1,
        null
      ],
      "/Users/justinsitarz/Desktop/ironyard/week_8/weekend_8/progress_pics/spec/models/picture_spec.rb": [
        1,
        null,
        1,
        1,
        null
      ],
      "/Users/justinsitarz/Desktop/ironyard/week_8/weekend_8/progress_pics/app/models/picture.rb": [
        1,
        1,
        1,
        null,
        null,
        null,
        null,
        1,
        1,
        1,
        null,
        1,
        null
      ],
      "/Users/justinsitarz/Desktop/ironyard/week_8/weekend_8/progress_pics/spec/models/user_spec.rb": [
        1,
        null,
        1,
        1,
        null
      ],
      "/Users/justinsitarz/Desktop/ironyard/week_8/weekend_8/progress_pics/spec/views/static/index.html.erb_spec.rb": [
        1,
        null,
        1,
        1,
        null
      ]
    },
    "timestamp": 1425239224
  }
}
